<?xml version="1.0" encoding="UTF-8"?>
<testsuite name="com.fantastipotami.HolyCitySherpaApplicationTests" tests="9" skipped="0" failures="0" errors="0" timestamp="2016-04-20T20:14:11" hostname="Alexanders-MacBook-Pro.local" time="1.409">
  <properties/>
  <testcase name="test1" classname="com.fantastipotami.HolyCitySherpaApplicationTests" time="0.402"/>
  <testcase name="test2" classname="com.fantastipotami.HolyCitySherpaApplicationTests" time="0.1"/>
  <testcase name="test3" classname="com.fantastipotami.HolyCitySherpaApplicationTests" time="0.108"/>
  <testcase name="test4" classname="com.fantastipotami.HolyCitySherpaApplicationTests" time="0.107"/>
  <testcase name="test5" classname="com.fantastipotami.HolyCitySherpaApplicationTests" time="0.098"/>
  <testcase name="test6" classname="com.fantastipotami.HolyCitySherpaApplicationTests" time="0.073"/>
  <testcase name="test7" classname="com.fantastipotami.HolyCitySherpaApplicationTests" time="0.043"/>
  <testcase name="testChoice" classname="com.fantastipotami.HolyCitySherpaApplicationTests" time="0.212"/>
  <testcase name="testPrefab" classname="com.fantastipotami.HolyCitySherpaApplicationTests" time="0.252"/>
  <system-out><![CDATA[16:14:00.601 [Test worker] DEBUG o.s.t.c.j.SpringJUnit4ClassRunner - SpringJUnit4ClassRunner constructor called with [class com.fantastipotami.HolyCitySherpaApplicationTests]
16:14:00.609 [Test worker] DEBUG o.s.test.context.BootstrapUtils - Instantiating CacheAwareContextLoaderDelegate from class [org.springframework.test.context.cache.DefaultCacheAwareContextLoaderDelegate]
16:14:00.619 [Test worker] DEBUG o.s.test.context.BootstrapUtils - Instantiating BootstrapContext using constructor [public org.springframework.test.context.support.DefaultBootstrapContext(java.lang.Class,org.springframework.test.context.CacheAwareContextLoaderDelegate)]
16:14:00.632 [Test worker] DEBUG o.s.test.context.BootstrapUtils - Instantiating TestContextBootstrapper for test class [com.fantastipotami.HolyCitySherpaApplicationTests] from class [org.springframework.test.context.web.WebTestContextBootstrapper]
16:14:00.669 [Test worker] DEBUG o.s.t.c.w.WebTestContextBootstrapper - Found explicit ContextLoader class [org.springframework.boot.test.SpringApplicationContextLoader] for context configuration attributes [ContextConfigurationAttributes@25053cbb declaringClass = 'com.fantastipotami.HolyCitySherpaApplicationTests', classes = '{class com.fantastipotami.SherpaApplication}', locations = '{}', inheritLocations = true, initializers = '{}', inheritInitializers = true, name = [null], contextLoaderClass = 'org.springframework.boot.test.SpringApplicationContextLoader']
16:14:00.677 [Test worker] DEBUG o.s.t.c.s.AbstractContextLoader - Did not detect default resource location for test class [com.fantastipotami.HolyCitySherpaApplicationTests]: class path resource [com/fantastipotami/HolyCitySherpaApplicationTests-context.xml] does not exist
16:14:00.678 [Test worker] DEBUG o.s.t.c.s.AbstractContextLoader - Did not detect default resource location for test class [com.fantastipotami.HolyCitySherpaApplicationTests]: class path resource [com/fantastipotami/HolyCitySherpaApplicationTestsContext.groovy] does not exist
16:14:00.678 [Test worker] INFO  o.s.t.c.s.AbstractContextLoader - Could not detect default resource locations for test class [com.fantastipotami.HolyCitySherpaApplicationTests]: no resource found for suffixes {-context.xml, Context.groovy}.
16:14:00.683 [Test worker] DEBUG o.s.t.c.support.ActiveProfilesUtils - Could not find an 'annotation declaring class' for annotation type [org.springframework.test.context.ActiveProfiles] and class [com.fantastipotami.HolyCitySherpaApplicationTests]
16:14:00.687 [Test worker] DEBUG o.s.t.c.w.WebTestContextBootstrapper - @TestExecutionListeners is not present for class [com.fantastipotami.HolyCitySherpaApplicationTests]: using defaults.
16:14:00.703 [Test worker] INFO  o.s.t.c.w.WebTestContextBootstrapper - Loaded default TestExecutionListener class names from location [META-INF/spring.factories]: [org.springframework.test.context.web.ServletTestExecutionListener, org.springframework.test.context.support.DirtiesContextBeforeModesTestExecutionListener, org.springframework.test.context.support.DependencyInjectionTestExecutionListener, org.springframework.test.context.support.DirtiesContextTestExecutionListener, org.springframework.test.context.transaction.TransactionalTestExecutionListener, org.springframework.test.context.jdbc.SqlScriptsTestExecutionListener]
16:14:00.740 [Test worker] INFO  o.s.t.c.w.WebTestContextBootstrapper - Using TestExecutionListeners: [org.springframework.test.context.web.ServletTestExecutionListener@3cd9295c, org.springframework.test.context.support.DirtiesContextBeforeModesTestExecutionListener@4802a798, org.springframework.test.context.support.DependencyInjectionTestExecutionListener@39ffbe5e, org.springframework.test.context.support.DirtiesContextTestExecutionListener@47d2176c, org.springframework.test.context.transaction.TransactionalTestExecutionListener@32b44503, org.springframework.test.context.jdbc.SqlScriptsTestExecutionListener@6fd70aaa]
16:14:00.749 [Test worker] DEBUG o.s.t.annotation.ProfileValueUtils - Retrieved @ProfileValueSourceConfiguration [null] for test class [com.fantastipotami.HolyCitySherpaApplicationTests]
16:14:00.751 [Test worker] DEBUG o.s.t.annotation.ProfileValueUtils - Retrieved ProfileValueSource type [class org.springframework.test.annotation.SystemProfileValueSource] for class [com.fantastipotami.HolyCitySherpaApplicationTests]
16:14:00.752 [Test worker] DEBUG o.s.t.annotation.ProfileValueUtils - Retrieved @ProfileValueSourceConfiguration [null] for test class [com.fantastipotami.HolyCitySherpaApplicationTests]
16:14:00.752 [Test worker] DEBUG o.s.t.annotation.ProfileValueUtils - Retrieved ProfileValueSource type [class org.springframework.test.annotation.SystemProfileValueSource] for class [com.fantastipotami.HolyCitySherpaApplicationTests]
16:14:00.759 [Test worker] DEBUG o.s.t.c.s.AbstractDirtiesContextTestExecutionListener - Before test class: context [DefaultTestContext@6374def7 testClass = HolyCitySherpaApplicationTests, testInstance = [null], testMethod = [null], testException = [null], mergedContextConfiguration = [WebMergedContextConfiguration@7822b3aa testClass = HolyCitySherpaApplicationTests, locations = '{}', classes = '{class com.fantastipotami.SherpaApplication}', contextInitializerClasses = '[]', activeProfiles = '{}', propertySourceLocations = '{}', propertySourceProperties = '{}', resourceBasePath = 'src/main/webapp', contextLoader = 'org.springframework.boot.test.SpringApplicationContextLoader', parent = [null]]], class annotated with @DirtiesContext [false] with mode [null].
16:14:00.761 [Test worker] DEBUG o.s.t.annotation.ProfileValueUtils - Retrieved @ProfileValueSourceConfiguration [null] for test class [com.fantastipotami.HolyCitySherpaApplicationTests]
16:14:00.761 [Test worker] DEBUG o.s.t.annotation.ProfileValueUtils - Retrieved ProfileValueSource type [class org.springframework.test.annotation.SystemProfileValueSource] for class [com.fantastipotami.HolyCitySherpaApplicationTests]
16:14:00.927 [Test worker] DEBUG o.s.core.env.StandardEnvironment - Adding [systemProperties] PropertySource with lowest search precedence
16:14:00.931 [Test worker] DEBUG o.s.core.env.StandardEnvironment - Adding [systemEnvironment] PropertySource with lowest search precedence
16:14:00.932 [Test worker] DEBUG o.s.core.env.StandardEnvironment - Initialized StandardEnvironment with PropertySources [systemProperties,systemEnvironment]
16:14:00.935 [Test worker] DEBUG o.s.core.env.StandardEnvironment - Adding [integrationTest] PropertySource with search precedence immediately lower than [systemEnvironment]

  .   ____          _            __ _ _
 /\\ / ___'_ __ _ _(_)_ __  __ _ \ \ \ \
( ( )\___ | '_ | '_| | '_ \/ _` | \ \ \ \
 \\/  ___)| |_)| | | | | || (_| |  ) ) ) )
  '  |____| .__|_| |_|_| |_\__, | / / / /
 =========|_|==============|___/=/_/_/_/
 :: Spring Boot ::        (v1.3.3.RELEASE)

2016-04-20 16:14:01.771  INFO 79715 --- [    Test worker] c.f.HolyCitySherpaApplicationTests       : Starting HolyCitySherpaApplicationTests on Alexanders-MacBook-Pro.local with PID 79715 (/Users/alexanderhughes/Documents/feb2016/Sherpa/build/classes/test started by alexanderhughes in /Users/alexanderhughes/Documents/feb2016/Sherpa)
2016-04-20 16:14:01.772  INFO 79715 --- [    Test worker] c.f.HolyCitySherpaApplicationTests       : No active profile set, falling back to default profiles: default
2016-04-20 16:14:02.009  INFO 79715 --- [    Test worker] o.s.w.c.s.GenericWebApplicationContext   : Refreshing org.springframework.web.context.support.GenericWebApplicationContext@98197e3: startup date [Wed Apr 20 16:14:01 EDT 2016]; root of context hierarchy
2016-04-20 16:14:03.770  INFO 79715 --- [    Test worker] o.s.b.f.s.DefaultListableBeanFactory     : Overriding bean definition for bean 'beanNameViewResolver' with a different definition: replacing [Root bean: class [null]; scope=; abstract=false; lazyInit=false; autowireMode=3; dependencyCheck=0; autowireCandidate=true; primary=false; factoryBeanName=org.springframework.boot.autoconfigure.web.ErrorMvcAutoConfiguration$WhitelabelErrorViewConfiguration; factoryMethodName=beanNameViewResolver; initMethodName=null; destroyMethodName=(inferred); defined in class path resource [org/springframework/boot/autoconfigure/web/ErrorMvcAutoConfiguration$WhitelabelErrorViewConfiguration.class]] with [Root bean: class [null]; scope=; abstract=false; lazyInit=false; autowireMode=3; dependencyCheck=0; autowireCandidate=true; primary=false; factoryBeanName=org.springframework.boot.autoconfigure.web.WebMvcAutoConfiguration$WebMvcAutoConfigurationAdapter; factoryMethodName=beanNameViewResolver; initMethodName=null; destroyMethodName=(inferred); defined in class path resource [org/springframework/boot/autoconfigure/web/WebMvcAutoConfiguration$WebMvcAutoConfigurationAdapter.class]]
2016-04-20 16:14:04.727  INFO 79715 --- [    Test worker] trationDelegate$BeanPostProcessorChecker : Bean 'org.springframework.transaction.annotation.ProxyTransactionManagementConfiguration' of type [class org.springframework.transaction.annotation.ProxyTransactionManagementConfiguration$$EnhancerBySpringCGLIB$$a0370bb1] is not eligible for getting processed by all BeanPostProcessors (for example: not eligible for auto-proxying)
2016-04-20 16:14:05.825  INFO 79715 --- [    Test worker] j.LocalContainerEntityManagerFactoryBean : Building JPA container EntityManagerFactory for persistence unit 'default'
2016-04-20 16:14:05.884  INFO 79715 --- [    Test worker] o.hibernate.jpa.internal.util.LogHelper  : HHH000204: Processing PersistenceUnitInfo [
	name: default
	...]
2016-04-20 16:14:06.027  INFO 79715 --- [    Test worker] org.hibernate.Version                    : HHH000412: Hibernate Core {4.3.11.Final}
2016-04-20 16:14:06.030  INFO 79715 --- [    Test worker] org.hibernate.cfg.Environment            : HHH000206: hibernate.properties not found
2016-04-20 16:14:06.035  INFO 79715 --- [    Test worker] org.hibernate.cfg.Environment            : HHH000021: Bytecode provider name : javassist
2016-04-20 16:14:06.477  INFO 79715 --- [    Test worker] o.hibernate.annotations.common.Version   : HCANN000001: Hibernate Commons Annotations {4.0.5.Final}
2016-04-20 16:14:06.935  INFO 79715 --- [    Test worker] org.hibernate.dialect.Dialect            : HHH000400: Using dialect: org.hibernate.dialect.H2Dialect
2016-04-20 16:14:07.425  INFO 79715 --- [    Test worker] o.h.h.i.ast.ASTQueryTranslatorFactory    : HHH000397: Using ASTQueryTranslatorFactory
2016-04-20 16:14:08.086  INFO 79715 --- [    Test worker] org.hibernate.tool.hbm2ddl.SchemaUpdate  : HHH000228: Running hbm2ddl schema update
2016-04-20 16:14:08.086  INFO 79715 --- [    Test worker] org.hibernate.tool.hbm2ddl.SchemaUpdate  : HHH000102: Fetching database metadata
2016-04-20 16:14:08.089  INFO 79715 --- [    Test worker] org.hibernate.tool.hbm2ddl.SchemaUpdate  : HHH000396: Updating schema
2016-04-20 16:14:08.098  INFO 79715 --- [    Test worker] java.sql.DatabaseMetaData                : HHH000262: Table not found: categories
2016-04-20 16:14:08.100  INFO 79715 --- [    Test worker] java.sql.DatabaseMetaData                : HHH000262: Table not found: geofences
2016-04-20 16:14:08.102  INFO 79715 --- [    Test worker] java.sql.DatabaseMetaData                : HHH000262: Table not found: loc_cat_joins
2016-04-20 16:14:08.103  INFO 79715 --- [    Test worker] java.sql.DatabaseMetaData                : HHH000262: Table not found: locations
2016-04-20 16:14:08.104  INFO 79715 --- [    Test worker] java.sql.DatabaseMetaData                : HHH000262: Table not found: perm_tour_loc_joins
2016-04-20 16:14:08.105  INFO 79715 --- [    Test worker] java.sql.DatabaseMetaData                : HHH000262: Table not found: perm_tours
2016-04-20 16:14:08.107  INFO 79715 --- [    Test worker] java.sql.DatabaseMetaData                : HHH000262: Table not found: tour_loc_joins
2016-04-20 16:14:08.111  INFO 79715 --- [    Test worker] java.sql.DatabaseMetaData                : HHH000262: Table not found: tours
2016-04-20 16:14:08.114  INFO 79715 --- [    Test worker] java.sql.DatabaseMetaData                : HHH000262: Table not found: categories
2016-04-20 16:14:08.115  INFO 79715 --- [    Test worker] java.sql.DatabaseMetaData                : HHH000262: Table not found: geofences
2016-04-20 16:14:08.117  INFO 79715 --- [    Test worker] java.sql.DatabaseMetaData                : HHH000262: Table not found: loc_cat_joins
2016-04-20 16:14:08.118  INFO 79715 --- [    Test worker] java.sql.DatabaseMetaData                : HHH000262: Table not found: locations
2016-04-20 16:14:08.119  INFO 79715 --- [    Test worker] java.sql.DatabaseMetaData                : HHH000262: Table not found: perm_tour_loc_joins
2016-04-20 16:14:08.120  INFO 79715 --- [    Test worker] java.sql.DatabaseMetaData                : HHH000262: Table not found: perm_tours
2016-04-20 16:14:08.121  INFO 79715 --- [    Test worker] java.sql.DatabaseMetaData                : HHH000262: Table not found: tour_loc_joins
2016-04-20 16:14:08.123  INFO 79715 --- [    Test worker] java.sql.DatabaseMetaData                : HHH000262: Table not found: tours
2016-04-20 16:14:08.125  INFO 79715 --- [    Test worker] java.sql.DatabaseMetaData                : HHH000262: Table not found: categories
2016-04-20 16:14:08.129  INFO 79715 --- [    Test worker] java.sql.DatabaseMetaData                : HHH000262: Table not found: geofences
2016-04-20 16:14:08.131  INFO 79715 --- [    Test worker] java.sql.DatabaseMetaData                : HHH000262: Table not found: loc_cat_joins
2016-04-20 16:14:08.133  INFO 79715 --- [    Test worker] java.sql.DatabaseMetaData                : HHH000262: Table not found: locations
2016-04-20 16:14:08.136  INFO 79715 --- [    Test worker] java.sql.DatabaseMetaData                : HHH000262: Table not found: perm_tour_loc_joins
2016-04-20 16:14:08.139  INFO 79715 --- [    Test worker] java.sql.DatabaseMetaData                : HHH000262: Table not found: perm_tours
2016-04-20 16:14:08.142  INFO 79715 --- [    Test worker] java.sql.DatabaseMetaData                : HHH000262: Table not found: tour_loc_joins
2016-04-20 16:14:08.144  INFO 79715 --- [    Test worker] java.sql.DatabaseMetaData                : HHH000262: Table not found: tours
2016-04-20 16:14:08.198  INFO 79715 --- [    Test worker] org.hibernate.tool.hbm2ddl.SchemaUpdate  : HHH000232: Schema update complete
2016-04-20 16:14:11.084  INFO 79715 --- [    Test worker] s.w.s.m.m.a.RequestMappingHandlerAdapter : Looking for @ControllerAdvice: org.springframework.web.context.support.GenericWebApplicationContext@98197e3: startup date [Wed Apr 20 16:14:01 EDT 2016]; root of context hierarchy
2016-04-20 16:14:11.232  INFO 79715 --- [    Test worker] s.w.s.m.m.a.RequestMappingHandlerMapping : Mapped "{[/tour/{id}],methods=[POST]}" onto public org.springframework.http.ResponseEntity<java.lang.Object> com.fantastipotami.controllers.SherpaController.joinTour(javax.servlet.http.HttpSession,int)
2016-04-20 16:14:11.234  INFO 79715 --- [    Test worker] s.w.s.m.m.a.RequestMappingHandlerMapping : Mapped "{[/re-join/{id}],methods=[POST]}" onto public org.springframework.http.ResponseEntity<java.lang.Object> com.fantastipotami.controllers.SherpaController.getTourLocs(javax.servlet.http.HttpSession,int)
2016-04-20 16:14:11.235  INFO 79715 --- [    Test worker] s.w.s.m.m.a.RequestMappingHandlerMapping : Mapped "{[/location/{id}],methods=[GET]}" onto public org.springframework.http.ResponseEntity<java.lang.Object> com.fantastipotami.controllers.SherpaController.getCats(int)
2016-04-20 16:14:11.240  INFO 79715 --- [    Test worker] s.w.s.m.m.a.RequestMappingHandlerMapping : Mapped "{[/perm-tour],methods=[GET]}" onto public org.springframework.http.ResponseEntity<java.lang.Object> com.fantastipotami.controllers.SherpaController.getAllTours(javax.servlet.http.HttpSession)
2016-04-20 16:14:11.242  INFO 79715 --- [    Test worker] s.w.s.m.m.a.RequestMappingHandlerMapping : Mapped "{[/tour],methods=[DELETE]}" onto public org.springframework.http.ResponseEntity<java.lang.Object> com.fantastipotami.controllers.SherpaController.cancelTour(javax.servlet.http.HttpSession)
2016-04-20 16:14:11.245  INFO 79715 --- [    Test worker] s.w.s.m.m.a.RequestMappingHandlerMapping : Mapped "{[/tour],methods=[POST]}" onto public org.springframework.http.ResponseEntity<java.lang.Object> com.fantastipotami.controllers.SherpaController.buildTour(javax.servlet.http.HttpSession,java.util.HashMap)
2016-04-20 16:14:11.247  INFO 79715 --- [    Test worker] s.w.s.m.m.a.RequestMappingHandlerMapping : Mapped "{[/tour/{id}],methods=[PUT]}" onto public org.springframework.http.ResponseEntity<java.lang.Object> com.fantastipotami.controllers.SherpaController.updateTourLoc(int)
2016-04-20 16:14:11.248  INFO 79715 --- [    Test worker] s.w.s.m.m.a.RequestMappingHandlerMapping : Mapped "{[/tour/locations],methods=[GET]}" onto public org.springframework.http.ResponseEntity<java.lang.Object> com.fantastipotami.controllers.SherpaController.getLocJoins(javax.servlet.http.HttpSession)
2016-04-20 16:14:11.250  INFO 79715 --- [    Test worker] s.w.s.m.m.a.RequestMappingHandlerMapping : Mapped "{[/category],methods=[GET]}" onto public org.springframework.http.ResponseEntity<java.lang.Object> com.fantastipotami.controllers.SherpaController.getAllCategories()
2016-04-20 16:14:11.250  INFO 79715 --- [    Test worker] s.w.s.m.m.a.RequestMappingHandlerMapping : Mapped "{[/category/{id}],methods=[GET]}" onto public org.springframework.http.ResponseEntity<java.lang.Object> com.fantastipotami.controllers.SherpaController.getToursByCat(int)
2016-04-20 16:14:11.263  INFO 79715 --- [    Test worker] s.w.s.m.m.a.RequestMappingHandlerMapping : Mapped "{[/error]}" onto public org.springframework.http.ResponseEntity<java.util.Map<java.lang.String, java.lang.Object>> org.springframework.boot.autoconfigure.web.BasicErrorController.error(javax.servlet.http.HttpServletRequest)
2016-04-20 16:14:11.265  INFO 79715 --- [    Test worker] s.w.s.m.m.a.RequestMappingHandlerMapping : Mapped "{[/error],produces=[text/html]}" onto public org.springframework.web.servlet.ModelAndView org.springframework.boot.autoconfigure.web.BasicErrorController.errorHtml(javax.servlet.http.HttpServletRequest,javax.servlet.http.HttpServletResponse)
2016-04-20 16:14:11.315  INFO 79715 --- [    Test worker] o.s.w.s.handler.SimpleUrlHandlerMapping  : Mapped URL path [/webjars/**] onto handler of type [class org.springframework.web.servlet.resource.ResourceHttpRequestHandler]
2016-04-20 16:14:11.320  INFO 79715 --- [    Test worker] o.s.w.s.handler.SimpleUrlHandlerMapping  : Mapped URL path [/**] onto handler of type [class org.springframework.web.servlet.resource.ResourceHttpRequestHandler]
2016-04-20 16:14:11.415  INFO 79715 --- [    Test worker] o.s.w.s.handler.SimpleUrlHandlerMapping  : Mapped URL path [/**/favicon.ico] onto handler of type [class org.springframework.web.servlet.resource.ResourceHttpRequestHandler]
2016-04-20 16:14:11.877  INFO 79715 --- [    Test worker] c.f.HolyCitySherpaApplicationTests       : Started HolyCitySherpaApplicationTests in 10.912 seconds (JVM running for 13.012)
2016-04-20 16:14:11.945  INFO 79715 --- [    Test worker] o.s.b.test.SpringBootMockServletContext  : Initializing Spring FrameworkServlet ''
2016-04-20 16:14:11.945  INFO 79715 --- [    Test worker] o.s.t.web.servlet.TestDispatcherServlet  : FrameworkServlet '': initialization started
2016-04-20 16:14:11.969  INFO 79715 --- [    Test worker] o.s.t.web.servlet.TestDispatcherServlet  : FrameworkServlet '': initialization completed in 23 ms
2016-04-20 16:14:12.334  INFO 79715 --- [    Test worker] o.s.b.test.SpringBootMockServletContext  : Initializing Spring FrameworkServlet ''
2016-04-20 16:14:12.336  INFO 79715 --- [    Test worker] o.s.t.web.servlet.TestDispatcherServlet  : FrameworkServlet '': initialization started
2016-04-20 16:14:12.345  INFO 79715 --- [    Test worker] o.s.t.web.servlet.TestDispatcherServlet  : FrameworkServlet '': initialization completed in 8 ms
2016-04-20 16:14:12.435  INFO 79715 --- [    Test worker] o.s.b.test.SpringBootMockServletContext  : Initializing Spring FrameworkServlet ''
2016-04-20 16:14:12.436  INFO 79715 --- [    Test worker] o.s.t.web.servlet.TestDispatcherServlet  : FrameworkServlet '': initialization started
2016-04-20 16:14:12.442  INFO 79715 --- [    Test worker] o.s.t.web.servlet.TestDispatcherServlet  : FrameworkServlet '': initialization completed in 5 ms
2016-04-20 16:14:12.543  INFO 79715 --- [    Test worker] o.s.b.test.SpringBootMockServletContext  : Initializing Spring FrameworkServlet ''
2016-04-20 16:14:12.543  INFO 79715 --- [    Test worker] o.s.t.web.servlet.TestDispatcherServlet  : FrameworkServlet '': initialization started
2016-04-20 16:14:12.546  INFO 79715 --- [    Test worker] o.s.t.web.servlet.TestDispatcherServlet  : FrameworkServlet '': initialization completed in 3 ms
2016-04-20 16:14:12.651  INFO 79715 --- [    Test worker] o.s.b.test.SpringBootMockServletContext  : Initializing Spring FrameworkServlet ''
2016-04-20 16:14:12.651  INFO 79715 --- [    Test worker] o.s.t.web.servlet.TestDispatcherServlet  : FrameworkServlet '': initialization started
2016-04-20 16:14:12.655  INFO 79715 --- [    Test worker] o.s.t.web.servlet.TestDispatcherServlet  : FrameworkServlet '': initialization completed in 4 ms
2016-04-20 16:14:12.751  INFO 79715 --- [    Test worker] o.s.b.test.SpringBootMockServletContext  : Initializing Spring FrameworkServlet ''
2016-04-20 16:14:12.752  INFO 79715 --- [    Test worker] o.s.t.web.servlet.TestDispatcherServlet  : FrameworkServlet '': initialization started
2016-04-20 16:14:12.755  INFO 79715 --- [    Test worker] o.s.t.web.servlet.TestDispatcherServlet  : FrameworkServlet '': initialization completed in 3 ms
2016-04-20 16:14:12.827  INFO 79715 --- [    Test worker] o.s.b.test.SpringBootMockServletContext  : Initializing Spring FrameworkServlet ''
2016-04-20 16:14:12.827  INFO 79715 --- [    Test worker] o.s.t.web.servlet.TestDispatcherServlet  : FrameworkServlet '': initialization started
2016-04-20 16:14:12.833  INFO 79715 --- [    Test worker] o.s.t.web.servlet.TestDispatcherServlet  : FrameworkServlet '': initialization completed in 5 ms
2016-04-20 16:14:12.870  INFO 79715 --- [    Test worker] o.s.b.test.SpringBootMockServletContext  : Initializing Spring FrameworkServlet ''
2016-04-20 16:14:12.870  INFO 79715 --- [    Test worker] o.s.t.web.servlet.TestDispatcherServlet  : FrameworkServlet '': initialization started
2016-04-20 16:14:12.872  INFO 79715 --- [    Test worker] o.s.t.web.servlet.TestDispatcherServlet  : FrameworkServlet '': initialization completed in 2 ms
2016-04-20 16:14:13.084  INFO 79715 --- [    Test worker] o.s.b.test.SpringBootMockServletContext  : Initializing Spring FrameworkServlet ''
2016-04-20 16:14:13.086  INFO 79715 --- [    Test worker] o.s.t.web.servlet.TestDispatcherServlet  : FrameworkServlet '': initialization started
2016-04-20 16:14:13.091  INFO 79715 --- [    Test worker] o.s.t.web.servlet.TestDispatcherServlet  : FrameworkServlet '': initialization completed in 5 ms
]]></system-out>
  <system-err><![CDATA[]]></system-err>
</testsuite>
